{"/Users/user/Sites/metacoin/contracts/ConvertLib.sol":{"l":{"6":1},"path":"/Users/user/Sites/metacoin/contracts/ConvertLib.sol","s":{"1":1},"b":{},"f":{"1":1},"fnMap":{"1":{"name":"convert","line":4,"loc":{"start":{"line":4,"column":1},"end":{"line":5,"column":3}}}},"statementMap":{"1":{"start":{"line":6,"column":2},"end":{"line":6,"column":32}}},"branchMap":{}},"/Users/user/Sites/metacoin/contracts/MetaCoin.sol":{"l":{"16":2,"20":1,"21":1,"22":1,"23":1,"24":1,"28":1,"32":9},"path":"/Users/user/Sites/metacoin/contracts/MetaCoin.sol","s":{"1":2,"2":1,"3":0,"4":1,"5":1,"6":1,"7":1,"8":1,"9":9},"b":{"1":[0,1]},"f":{"1":2,"2":1,"3":1,"4":9},"fnMap":{"1":{"name":"MetaCoin","line":15,"loc":{"start":{"line":15,"column":1},"end":{"line":15,"column":22}}},"2":{"name":"sendCoin","line":19,"loc":{"start":{"line":19,"column":1},"end":{"line":19,"column":76}}},"3":{"name":"getBalanceInEth","line":27,"loc":{"start":{"line":27,"column":1},"end":{"line":27,"column":54}}},"4":{"name":"getBalance","line":31,"loc":{"start":{"line":31,"column":1},"end":{"line":31,"column":50}}}},"statementMap":{"1":{"start":{"line":16,"column":2},"end":{"line":16,"column":28}},"2":{"start":{"line":20,"column":2},"end":{"line":20,"column":49}},"3":{"start":{"line":20,"column":37},"end":{"line":20,"column":49}},"4":{"start":{"line":21,"column":2},"end":{"line":21,"column":31}},"5":{"start":{"line":22,"column":2},"end":{"line":22,"column":29}},"6":{"start":{"line":23,"column":2},"end":{"line":23,"column":39}},"7":{"start":{"line":24,"column":2},"end":{"line":24,"column":13}},"8":{"start":{"line":28,"column":2},"end":{"line":28,"column":47}},"9":{"start":{"line":32,"column":2},"end":{"line":32,"column":23}}},"branchMap":{"1":{"line":20,"type":"if","locations":[{"start":{"line":20,"column":2},"end":{"line":20,"column":2}},{"start":{"line":20,"column":2},"end":{"line":20,"column":2}}]}}}}