TN:
SF:/Users/user/Sites/sc-forks/metacoin/contracts/ConvertLib.sol
FN:4,convert
FNF:1
FNH:1
FNDA:2,convert
DA:6,2
LF:1
LH:1
BRF:0
BRH:0
end_of_record
TN:
SF:/Users/user/Sites/sc-forks/metacoin/contracts/MetaCoin.sol
FN:15,MetaCoin
FN:19,sendCoin
FN:27,getBalanceInEth
FN:31,getBalance
FNF:4
FNH:4
FNDA:4,MetaCoin
FNDA:2,sendCoin
FNDA:2,getBalanceInEth
FNDA:18,getBalance
DA:16,4
DA:20,2
DA:21,2
DA:22,2
DA:23,2
DA:24,2
DA:28,2
DA:32,18
LF:8
LH:8
BRDA:20,1,0,0
BRDA:20,1,1,2
BRF:2
BRH:1
end_of_record
